{"/Users/Halit/Desktop/fullstackopen-2021/part5/notes/notes-frontend/src/App.js": {"path":"/Users/Halit/Desktop/fullstackopen-2021/part5/notes/notes-frontend/src/App.js","statementMap":{"0":{"start":{"line":11,"column":12},"end":{"line":138,"column":1}},"1":{"start":{"line":12,"column":28},"end":{"line":12,"column":40}},"2":{"start":{"line":13,"column":32},"end":{"line":13,"column":47}},"3":{"start":{"line":14,"column":42},"end":{"line":14,"column":56}},"4":{"start":{"line":15,"column":34},"end":{"line":15,"column":46}},"5":{"start":{"line":16,"column":34},"end":{"line":16,"column":46}},"6":{"start":{"line":17,"column":26},"end":{"line":17,"column":40}},"7":{"start":{"line":18,"column":22},"end":{"line":18,"column":30}},"8":{"start":{"line":20,"column":2},"end":{"line":24,"column":8}},"9":{"start":{"line":21,"column":4},"end":{"line":23,"column":6}},"10":{"start":{"line":22,"column":6},"end":{"line":22,"column":28}},"11":{"start":{"line":26,"column":2},"end":{"line":33,"column":8}},"12":{"start":{"line":27,"column":27},"end":{"line":27,"column":75}},"13":{"start":{"line":28,"column":4},"end":{"line":32,"column":5}},"14":{"start":{"line":29,"column":19},"end":{"line":29,"column":45}},"15":{"start":{"line":30,"column":6},"end":{"line":30,"column":19}},"16":{"start":{"line":31,"column":6},"end":{"line":31,"column":38}},"17":{"start":{"line":35,"column":18},"end":{"line":40,"column":3}},"18":{"start":{"line":36,"column":4},"end":{"line":36,"column":42}},"19":{"start":{"line":37,"column":4},"end":{"line":39,"column":6}},"20":{"start":{"line":38,"column":6},"end":{"line":38,"column":42}},"21":{"start":{"line":42,"column":22},"end":{"line":44,"column":53}},"22":{"start":{"line":44,"column":29},"end":{"line":44,"column":52}},"23":{"start":{"line":46,"column":29},"end":{"line":66,"column":3}},"24":{"start":{"line":47,"column":17},"end":{"line":47,"column":47}},"25":{"start":{"line":47,"column":35},"end":{"line":47,"column":46}},"26":{"start":{"line":48,"column":24},"end":{"line":48,"column":63}},"27":{"start":{"line":50,"column":4},"end":{"line":50,"column":58}},"28":{"start":{"line":52,"column":4},"end":{"line":65,"column":8}},"29":{"start":{"line":55,"column":8},"end":{"line":55,"column":77}},"30":{"start":{"line":55,"column":38},"end":{"line":55,"column":74}},"31":{"start":{"line":58,"column":8},"end":{"line":60,"column":9}},"32":{"start":{"line":61,"column":8},"end":{"line":63,"column":16}},"33":{"start":{"line":62,"column":10},"end":{"line":62,"column":31}},"34":{"start":{"line":64,"column":8},"end":{"line":64,"column":50}},"35":{"start":{"line":64,"column":37},"end":{"line":64,"column":48}},"36":{"start":{"line":68,"column":22},"end":{"line":90,"column":3}},"37":{"start":{"line":69,"column":4},"end":{"line":69,"column":26}},"38":{"start":{"line":70,"column":4},"end":{"line":70,"column":54}},"39":{"start":{"line":72,"column":4},"end":{"line":89,"column":5}},"40":{"start":{"line":73,"column":19},"end":{"line":76,"column":8}},"41":{"start":{"line":77,"column":6},"end":{"line":77,"column":76}},"42":{"start":{"line":78,"column":6},"end":{"line":78,"column":38}},"43":{"start":{"line":79,"column":6},"end":{"line":79,"column":19}},"44":{"start":{"line":80,"column":6},"end":{"line":80,"column":21}},"45":{"start":{"line":81,"column":6},"end":{"line":81,"column":21}},"46":{"start":{"line":82,"column":6},"end":{"line":82,"column":37}},"47":{"start":{"line":83,"column":6},"end":{"line":83,"column":23}},"48":{"start":{"line":85,"column":6},"end":{"line":85,"column":42}},"49":{"start":{"line":86,"column":6},"end":{"line":88,"column":14}},"50":{"start":{"line":87,"column":8},"end":{"line":87,"column":29}},"51":{"start":{"line":92,"column":20},"end":{"line":102,"column":3}},"52":{"start":{"line":93,"column":4},"end":{"line":101,"column":16}},"53":{"start":{"line":97,"column":46},"end":{"line":97,"column":71}},"54":{"start":{"line":98,"column":46},"end":{"line":98,"column":71}},"55":{"start":{"line":104,"column":19},"end":{"line":108,"column":3}},"56":{"start":{"line":105,"column":4},"end":{"line":107,"column":16}},"57":{"start":{"line":110,"column":2},"end":{"line":137,"column":3}},"58":{"start":{"line":122,"column":31},"end":{"line":122,"column":51}},"59":{"start":{"line":128,"column":10},"end":{"line":132,"column":12}},"60":{"start":{"line":131,"column":36},"end":{"line":131,"column":63}}},"fnMap":{"0":{"name":"(anonymous_0)","decl":{"start":{"line":11,"column":12},"end":{"line":11,"column":13}},"loc":{"start":{"line":11,"column":18},"end":{"line":138,"column":1}},"line":11},"1":{"name":"(anonymous_1)","decl":{"start":{"line":20,"column":12},"end":{"line":20,"column":13}},"loc":{"start":{"line":20,"column":18},"end":{"line":24,"column":3}},"line":20},"2":{"name":"(anonymous_2)","decl":{"start":{"line":21,"column":30},"end":{"line":21,"column":31}},"loc":{"start":{"line":21,"column":48},"end":{"line":23,"column":5}},"line":21},"3":{"name":"(anonymous_3)","decl":{"start":{"line":26,"column":12},"end":{"line":26,"column":13}},"loc":{"start":{"line":26,"column":18},"end":{"line":33,"column":3}},"line":26},"4":{"name":"(anonymous_4)","decl":{"start":{"line":35,"column":18},"end":{"line":35,"column":19}},"loc":{"start":{"line":35,"column":34},"end":{"line":40,"column":3}},"line":35},"5":{"name":"(anonymous_5)","decl":{"start":{"line":37,"column":40},"end":{"line":37,"column":41}},"loc":{"start":{"line":37,"column":58},"end":{"line":39,"column":5}},"line":37},"6":{"name":"(anonymous_6)","decl":{"start":{"line":44,"column":19},"end":{"line":44,"column":20}},"loc":{"start":{"line":44,"column":29},"end":{"line":44,"column":52}},"line":44},"7":{"name":"(anonymous_7)","decl":{"start":{"line":46,"column":29},"end":{"line":46,"column":30}},"loc":{"start":{"line":46,"column":37},"end":{"line":66,"column":3}},"line":46},"8":{"name":"(anonymous_8)","decl":{"start":{"line":47,"column":28},"end":{"line":47,"column":29}},"loc":{"start":{"line":47,"column":35},"end":{"line":47,"column":46}},"line":47},"9":{"name":"(anonymous_9)","decl":{"start":{"line":54,"column":12},"end":{"line":54,"column":13}},"loc":{"start":{"line":54,"column":30},"end":{"line":56,"column":7}},"line":54},"10":{"name":"(anonymous_10)","decl":{"start":{"line":55,"column":27},"end":{"line":55,"column":28}},"loc":{"start":{"line":55,"column":38},"end":{"line":55,"column":74}},"line":55},"11":{"name":"(anonymous_11)","decl":{"start":{"line":57,"column":13},"end":{"line":57,"column":14}},"loc":{"start":{"line":57,"column":19},"end":{"line":65,"column":7}},"line":57},"12":{"name":"(anonymous_12)","decl":{"start":{"line":61,"column":19},"end":{"line":61,"column":20}},"loc":{"start":{"line":61,"column":25},"end":{"line":63,"column":9}},"line":61},"13":{"name":"(anonymous_13)","decl":{"start":{"line":64,"column":30},"end":{"line":64,"column":31}},"loc":{"start":{"line":64,"column":37},"end":{"line":64,"column":48}},"line":64},"14":{"name":"(anonymous_14)","decl":{"start":{"line":68,"column":22},"end":{"line":68,"column":23}},"loc":{"start":{"line":68,"column":39},"end":{"line":90,"column":3}},"line":68},"15":{"name":"(anonymous_15)","decl":{"start":{"line":86,"column":17},"end":{"line":86,"column":18}},"loc":{"start":{"line":86,"column":23},"end":{"line":88,"column":7}},"line":86},"16":{"name":"(anonymous_16)","decl":{"start":{"line":92,"column":20},"end":{"line":92,"column":21}},"loc":{"start":{"line":93,"column":4},"end":{"line":101,"column":16}},"line":93},"17":{"name":"(anonymous_17)","decl":{"start":{"line":97,"column":30},"end":{"line":97,"column":31}},"loc":{"start":{"line":97,"column":46},"end":{"line":97,"column":71}},"line":97},"18":{"name":"(anonymous_18)","decl":{"start":{"line":98,"column":30},"end":{"line":98,"column":31}},"loc":{"start":{"line":98,"column":46},"end":{"line":98,"column":71}},"line":98},"19":{"name":"(anonymous_19)","decl":{"start":{"line":104,"column":19},"end":{"line":104,"column":20}},"loc":{"start":{"line":105,"column":4},"end":{"line":107,"column":16}},"line":105},"20":{"name":"(anonymous_20)","decl":{"start":{"line":122,"column":25},"end":{"line":122,"column":26}},"loc":{"start":{"line":122,"column":31},"end":{"line":122,"column":51}},"line":122},"21":{"name":"(anonymous_21)","decl":{"start":{"line":127,"column":25},"end":{"line":127,"column":26}},"loc":{"start":{"line":128,"column":10},"end":{"line":132,"column":12}},"line":128},"22":{"name":"(anonymous_22)","decl":{"start":{"line":131,"column":30},"end":{"line":131,"column":31}},"loc":{"start":{"line":131,"column":36},"end":{"line":131,"column":63}},"line":131}},"branchMap":{"0":{"loc":{"start":{"line":28,"column":4},"end":{"line":32,"column":5}},"type":"if","locations":[{"start":{"line":28,"column":4},"end":{"line":32,"column":5}},{"start":{"line":28,"column":4},"end":{"line":32,"column":5}}],"line":28},"1":{"loc":{"start":{"line":42,"column":22},"end":{"line":44,"column":53}},"type":"cond-expr","locations":[{"start":{"line":43,"column":6},"end":{"line":43,"column":11}},{"start":{"line":44,"column":6},"end":{"line":44,"column":53}}],"line":42},"2":{"loc":{"start":{"line":55,"column":38},"end":{"line":55,"column":74}},"type":"cond-expr","locations":[{"start":{"line":55,"column":55},"end":{"line":55,"column":59}},{"start":{"line":55,"column":62},"end":{"line":55,"column":74}}],"line":55},"3":{"loc":{"start":{"line":115,"column":7},"end":{"line":119,"column":7}},"type":"cond-expr","locations":[{"start":{"line":116,"column":8},"end":{"line":116,"column":19}},{"start":{"line":118,"column":8},"end":{"line":118,"column":18}}],"line":115},"4":{"loc":{"start":{"line":123,"column":16},"end":{"line":123,"column":45}},"type":"cond-expr","locations":[{"start":{"line":123,"column":26},"end":{"line":123,"column":37}},{"start":{"line":123,"column":40},"end":{"line":123,"column":45}}],"line":123}},"s":{"0":0,"1":0,"2":0,"3":0,"4":0,"5":0,"6":0,"7":0,"8":0,"9":0,"10":0,"11":0,"12":0,"13":0,"14":0,"15":0,"16":0,"17":0,"18":0,"19":0,"20":0,"21":0,"22":0,"23":0,"24":0,"25":0,"26":0,"27":0,"28":0,"29":0,"30":0,"31":0,"32":0,"33":0,"34":0,"35":0,"36":0,"37":0,"38":0,"39":0,"40":0,"41":0,"42":0,"43":0,"44":0,"45":0,"46":0,"47":0,"48":0,"49":0,"50":0,"51":0,"52":0,"53":0,"54":0,"55":0,"56":0,"57":0,"58":0,"59":0,"60":0},"f":{"0":0,"1":0,"2":0,"3":0,"4":0,"5":0,"6":0,"7":0,"8":0,"9":0,"10":0,"11":0,"12":0,"13":0,"14":0,"15":0,"16":0,"17":0,"18":0,"19":0,"20":0,"21":0,"22":0},"b":{"0":[0,0],"1":[0,0],"2":[0,0],"3":[0,0],"4":[0,0]}}
,"/Users/Halit/Desktop/fullstackopen-2021/part5/notes/notes-frontend/src/index.js": {"path":"/Users/Halit/Desktop/fullstackopen-2021/part5/notes/notes-frontend/src/index.js","statementMap":{"0":{"start":{"line":6,"column":0},"end":{"line":6,"column":57}}},"fnMap":{},"branchMap":{},"s":{"0":0},"f":{},"b":{}}
,"/Users/Halit/Desktop/fullstackopen-2021/part5/notes/notes-frontend/src/components/Footer.js": {"path":"/Users/Halit/Desktop/fullstackopen-2021/part5/notes/notes-frontend/src/components/Footer.js","statementMap":{"0":{"start":{"line":3,"column":15},"end":{"line":15,"column":1}},"1":{"start":{"line":4,"column":22},"end":{"line":8,"column":3}},"2":{"start":{"line":9,"column":2},"end":{"line":14,"column":3}}},"fnMap":{"0":{"name":"(anonymous_0)","decl":{"start":{"line":3,"column":15},"end":{"line":3,"column":16}},"loc":{"start":{"line":3,"column":21},"end":{"line":15,"column":1}},"line":3}},"branchMap":{},"s":{"0":0,"1":0,"2":0},"f":{"0":0},"b":{}}
,"/Users/Halit/Desktop/fullstackopen-2021/part5/notes/notes-frontend/src/components/LoginForm.js": {"path":"/Users/Halit/Desktop/fullstackopen-2021/part5/notes/notes-frontend/src/components/LoginForm.js","statementMap":{"0":{"start":{"line":4,"column":18},"end":{"line":35,"column":1}},"1":{"start":{"line":11,"column":2},"end":{"line":34,"column":3}},"2":{"start":{"line":37,"column":0},"end":{"line":43,"column":1}}},"fnMap":{"0":{"name":"(anonymous_0)","decl":{"start":{"line":4,"column":18},"end":{"line":4,"column":19}},"loc":{"start":{"line":10,"column":6},"end":{"line":35,"column":1}},"line":10}},"branchMap":{},"s":{"0":0,"1":0,"2":0},"f":{"0":0},"b":{}}
,"/Users/Halit/Desktop/fullstackopen-2021/part5/notes/notes-frontend/src/components/Note.js": {"path":"/Users/Halit/Desktop/fullstackopen-2021/part5/notes/notes-frontend/src/components/Note.js","statementMap":{"0":{"start":{"line":3,"column":13},"end":{"line":14,"column":1}},"1":{"start":{"line":4,"column":16},"end":{"line":5,"column":45}},"2":{"start":{"line":6,"column":2},"end":{"line":13,"column":3}}},"fnMap":{"0":{"name":"(anonymous_0)","decl":{"start":{"line":3,"column":13},"end":{"line":3,"column":14}},"loc":{"start":{"line":3,"column":45},"end":{"line":14,"column":1}},"line":3}},"branchMap":{"0":{"loc":{"start":{"line":4,"column":16},"end":{"line":5,"column":45}},"type":"cond-expr","locations":[{"start":{"line":5,"column":6},"end":{"line":5,"column":26}},{"start":{"line":5,"column":29},"end":{"line":5,"column":45}}],"line":4}},"s":{"0":1,"1":2,"2":2},"f":{"0":2},"b":{"0":[2,0]},"_coverageSchema":"1a1c01bbd47fc00a2c39e90264f33305004495a9","hash":"6096ebf631d9d3aa145962d82db29ec987593b34"}
,"/Users/Halit/Desktop/fullstackopen-2021/part5/notes/notes-frontend/src/components/NoteForm.js": {"path":"/Users/Halit/Desktop/fullstackopen-2021/part5/notes/notes-frontend/src/components/NoteForm.js","statementMap":{"0":{"start":{"line":3,"column":17},"end":{"line":31,"column":1}},"1":{"start":{"line":4,"column":32},"end":{"line":4,"column":44}},"2":{"start":{"line":6,"column":27},"end":{"line":6,"column":68}},"3":{"start":{"line":6,"column":38},"end":{"line":6,"column":68}},"4":{"start":{"line":8,"column":18},"end":{"line":16,"column":3}},"5":{"start":{"line":9,"column":4},"end":{"line":9,"column":26}},"6":{"start":{"line":10,"column":4},"end":{"line":13,"column":6}},"7":{"start":{"line":15,"column":4},"end":{"line":15,"column":18}},"8":{"start":{"line":18,"column":2},"end":{"line":30,"column":3}}},"fnMap":{"0":{"name":"(anonymous_0)","decl":{"start":{"line":3,"column":17},"end":{"line":3,"column":18}},"loc":{"start":{"line":3,"column":37},"end":{"line":31,"column":1}},"line":3},"1":{"name":"(anonymous_1)","decl":{"start":{"line":6,"column":27},"end":{"line":6,"column":28}},"loc":{"start":{"line":6,"column":38},"end":{"line":6,"column":68}},"line":6},"2":{"name":"(anonymous_2)","decl":{"start":{"line":8,"column":18},"end":{"line":8,"column":19}},"loc":{"start":{"line":8,"column":29},"end":{"line":16,"column":3}},"line":8}},"branchMap":{},"s":{"0":1,"1":3,"2":3,"3":1,"4":3,"5":1,"6":1,"7":1,"8":3},"f":{"0":3,"1":1,"2":1},"b":{},"_coverageSchema":"1a1c01bbd47fc00a2c39e90264f33305004495a9","hash":"3d124277bb3f908e7fef40420c9f94f4be22d6d0"}
,"/Users/Halit/Desktop/fullstackopen-2021/part5/notes/notes-frontend/src/components/Notification.js": {"path":"/Users/Halit/Desktop/fullstackopen-2021/part5/notes/notes-frontend/src/components/Notification.js","statementMap":{"0":{"start":{"line":3,"column":21},"end":{"line":13,"column":1}},"1":{"start":{"line":4,"column":2},"end":{"line":6,"column":3}},"2":{"start":{"line":5,"column":4},"end":{"line":5,"column":15}},"3":{"start":{"line":8,"column":2},"end":{"line":12,"column":3}}},"fnMap":{"0":{"name":"(anonymous_0)","decl":{"start":{"line":3,"column":21},"end":{"line":3,"column":22}},"loc":{"start":{"line":3,"column":38},"end":{"line":13,"column":1}},"line":3}},"branchMap":{"0":{"loc":{"start":{"line":4,"column":2},"end":{"line":6,"column":3}},"type":"if","locations":[{"start":{"line":4,"column":2},"end":{"line":6,"column":3}},{"start":{"line":4,"column":2},"end":{"line":6,"column":3}}],"line":4}},"s":{"0":0,"1":0,"2":0,"3":0},"f":{"0":0},"b":{"0":[0,0]}}
,"/Users/Halit/Desktop/fullstackopen-2021/part5/notes/notes-frontend/src/components/Togglable.js": {"path":"/Users/Halit/Desktop/fullstackopen-2021/part5/notes/notes-frontend/src/components/Togglable.js","statementMap":{"0":{"start":{"line":4,"column":18},"end":{"line":31,"column":2}},"1":{"start":{"line":5,"column":32},"end":{"line":5,"column":47}},"2":{"start":{"line":7,"column":26},"end":{"line":7,"column":60}},"3":{"start":{"line":8,"column":26},"end":{"line":8,"column":60}},"4":{"start":{"line":10,"column":27},"end":{"line":12,"column":3}},"5":{"start":{"line":11,"column":4},"end":{"line":11,"column":24}},"6":{"start":{"line":14,"column":2},"end":{"line":18,"column":4}},"7":{"start":{"line":15,"column":4},"end":{"line":17,"column":5}},"8":{"start":{"line":20,"column":2},"end":{"line":30,"column":3}},"9":{"start":{"line":33,"column":0},"end":{"line":35,"column":1}},"10":{"start":{"line":37,"column":0},"end":{"line":37,"column":35}}},"fnMap":{"0":{"name":"(anonymous_0)","decl":{"start":{"line":4,"column":35},"end":{"line":4,"column":36}},"loc":{"start":{"line":4,"column":51},"end":{"line":31,"column":1}},"line":4},"1":{"name":"(anonymous_1)","decl":{"start":{"line":10,"column":27},"end":{"line":10,"column":28}},"loc":{"start":{"line":10,"column":33},"end":{"line":12,"column":3}},"line":10},"2":{"name":"(anonymous_2)","decl":{"start":{"line":14,"column":27},"end":{"line":14,"column":28}},"loc":{"start":{"line":14,"column":33},"end":{"line":18,"column":3}},"line":14}},"branchMap":{"0":{"loc":{"start":{"line":7,"column":37},"end":{"line":7,"column":58}},"type":"cond-expr","locations":[{"start":{"line":7,"column":47},"end":{"line":7,"column":53}},{"start":{"line":7,"column":56},"end":{"line":7,"column":58}}],"line":7},"1":{"loc":{"start":{"line":8,"column":37},"end":{"line":8,"column":58}},"type":"cond-expr","locations":[{"start":{"line":8,"column":47},"end":{"line":8,"column":49}},{"start":{"line":8,"column":52},"end":{"line":8,"column":58}}],"line":8}},"s":{"0":1,"1":10,"2":10,"3":10,"4":10,"5":5,"6":10,"7":0,"8":10,"9":1,"10":1},"f":{"0":10,"1":5,"2":0},"b":{"0":[3,7],"1":[3,7]},"_coverageSchema":"1a1c01bbd47fc00a2c39e90264f33305004495a9","hash":"72381fdac3fd659fdf37e642102818b17897e243"}
,"/Users/Halit/Desktop/fullstackopen-2021/part5/notes/notes-frontend/src/services/login.js": {"path":"/Users/Halit/Desktop/fullstackopen-2021/part5/notes/notes-frontend/src/services/login.js","statementMap":{"0":{"start":{"line":2,"column":16},"end":{"line":2,"column":28}},"1":{"start":{"line":4,"column":14},"end":{"line":7,"column":1}},"2":{"start":{"line":5,"column":19},"end":{"line":5,"column":57}},"3":{"start":{"line":6,"column":2},"end":{"line":6,"column":22}},"4":{"start":{"line":9,"column":25},"end":{"line":9,"column":34}}},"fnMap":{"0":{"name":"(anonymous_0)","decl":{"start":{"line":4,"column":14},"end":{"line":4,"column":15}},"loc":{"start":{"line":4,"column":35},"end":{"line":7,"column":1}},"line":4}},"branchMap":{},"s":{"0":0,"1":0,"2":0,"3":0,"4":0},"f":{"0":0},"b":{}}
,"/Users/Halit/Desktop/fullstackopen-2021/part5/notes/notes-frontend/src/services/notes.js": {"path":"/Users/Halit/Desktop/fullstackopen-2021/part5/notes/notes-frontend/src/services/notes.js","statementMap":{"0":{"start":{"line":3,"column":16},"end":{"line":3,"column":28}},"1":{"start":{"line":5,"column":12},"end":{"line":5,"column":16}},"2":{"start":{"line":7,"column":17},"end":{"line":9,"column":1}},"3":{"start":{"line":8,"column":2},"end":{"line":8,"column":30}},"4":{"start":{"line":11,"column":15},"end":{"line":14,"column":1}},"5":{"start":{"line":12,"column":18},"end":{"line":12,"column":36}},"6":{"start":{"line":13,"column":2},"end":{"line":13,"column":48}},"7":{"start":{"line":13,"column":34},"end":{"line":13,"column":47}},"8":{"start":{"line":16,"column":15},"end":{"line":23,"column":1}},"9":{"start":{"line":17,"column":17},"end":{"line":19,"column":3}},"10":{"start":{"line":21,"column":19},"end":{"line":21,"column":63}},"11":{"start":{"line":22,"column":2},"end":{"line":22,"column":22}},"12":{"start":{"line":25,"column":15},"end":{"line":28,"column":1}},"13":{"start":{"line":26,"column":18},"end":{"line":26,"column":58}},"14":{"start":{"line":27,"column":2},"end":{"line":27,"column":48}},"15":{"start":{"line":27,"column":34},"end":{"line":27,"column":47}},"16":{"start":{"line":30,"column":25},"end":{"line":30,"column":61}}},"fnMap":{"0":{"name":"(anonymous_0)","decl":{"start":{"line":7,"column":17},"end":{"line":7,"column":18}},"loc":{"start":{"line":7,"column":29},"end":{"line":9,"column":1}},"line":7},"1":{"name":"(anonymous_1)","decl":{"start":{"line":11,"column":15},"end":{"line":11,"column":16}},"loc":{"start":{"line":11,"column":21},"end":{"line":14,"column":1}},"line":11},"2":{"name":"(anonymous_2)","decl":{"start":{"line":13,"column":22},"end":{"line":13,"column":23}},"loc":{"start":{"line":13,"column":34},"end":{"line":13,"column":47}},"line":13},"3":{"name":"(anonymous_3)","decl":{"start":{"line":16,"column":15},"end":{"line":16,"column":16}},"loc":{"start":{"line":16,"column":34},"end":{"line":23,"column":1}},"line":16},"4":{"name":"(anonymous_4)","decl":{"start":{"line":25,"column":15},"end":{"line":25,"column":16}},"loc":{"start":{"line":25,"column":34},"end":{"line":28,"column":1}},"line":25},"5":{"name":"(anonymous_5)","decl":{"start":{"line":27,"column":22},"end":{"line":27,"column":23}},"loc":{"start":{"line":27,"column":34},"end":{"line":27,"column":47}},"line":27}},"branchMap":{},"s":{"0":0,"1":0,"2":0,"3":0,"4":0,"5":0,"6":0,"7":0,"8":0,"9":0,"10":0,"11":0,"12":0,"13":0,"14":0,"15":0,"16":0},"f":{"0":0,"1":0,"2":0,"3":0,"4":0,"5":0},"b":{}}
}
